<?xml version="1.0" encoding="UTF-8"?>
<testsuite name="com.feup.superslimefootball.examples.UnitTestExample" tests="2" skipped="0" failures="0" errors="0" timestamp="2017-06-02T21:00:57" hostname="afonso" time="0.003">
  <properties/>
  <testcase name="oneEqualsOne" classname="com.feup.superslimefootball.examples.UnitTestExample" time="0.0"/>
  <testcase name="scoreZero" classname="com.feup.superslimefootball.examples.UnitTestExample" time="0.003"/>
  <system-out><![CDATA[]]></system-out>
  <system-err><![CDATA[]]></system-err>
</testsuite>
